<?xml version="1.0" encoding="UTF-8"?>
<!-- Generated by org.testng.reporters.JUnitReportReporter -->
<testsuite skipped="0" hostname="DESKTOP-S8TS171" name="Chap_2.InsertionSortTest" tests="1" failures="0" timestamp="2020-11-12T11:41:10 PST" time="0.021" errors="0">
  <testcase name="test" time="0.021" classname="Chap_2.InsertionSortTest"/>
  <system-out/>
</testsuite> <!-- Chap_2.InsertionSortTest -->
